Sun Jun 10 2012 22:11:03 | <guidj0s> . auth test
Sun Jun 10 2012 22:11:03 | <mutalirc> You are now authentified.
Sun Jun 10 2012 22:11:27 | <guidj0s> . say #guidj0s hello! :)
Sun Jun 10 2012 22:30:56 | <guidj0s> . auth test
Sun Jun 10 2012 22:30:56 | <mutalirc> You are now authentified.
Sun Jun 10 2012 22:31:03 | <guidj0s> . say #guidj0s hello :)
Sun Jun 10 2012 22:35:22 | <guidj0s> . load public
Sun Jun 10 2012 22:35:22 | <mutalirc> Dispatcher 'public' loaded.
Sun Jun 10 2012 22:35:33 | <guidj0s> . say #guidj0s testing :)
Sun Jun 10 2012 22:56:49 | <guidj0s> . say #guidj0s testing :)
Sun Jun 10 2012 22:57:24 | <guidj0s> .unload public
Sun Jun 10 2012 22:57:26 | <guidj0s> . unload public
Sun Jun 10 2012 22:57:26 | <mutalirc> Dispatcher 'public' unloaded.
Sun Jun 10 2012 22:57:34 | <guidj0s> . load public
Sun Jun 10 2012 22:57:34 | <mutalirc> Dispatcher 'public' loaded.
Sun Jun 10 2012 22:57:41 | <guidj0s> . say #guidj0s hi :)
Sun Jun 10 2012 23:03:48 | <guidj0s> . load query
Sun Jun 10 2012 23:03:48 | <mutalirc> Dispatcher 'query' loaded.
Sun Jun 10 2012 23:03:56 | <guidj0s> . say #guidj0s hi :)
Sun Jun 10 2012 23:04:30 | <guidj0s> . load query
Sun Jun 10 2012 23:04:30 | <mutalirc> Dispatcher 'query' loaded.
Sun Jun 10 2012 23:04:34 | <guidj0s> . say #guidj0s hi :)
Sun Jun 10 2012 23:04:38 | <guidj0s> . say #guidj0s hi
Sun Jun 10 2012 23:08:37 | <guidj0s> . load query
Sun Jun 10 2012 23:08:37 | <mutalirc> Dispatcher 'query' loaded.
Sun Jun 10 2012 23:08:42 | <guidj0s> . say #guidj0s hi
Sun Jun 10 2012 23:09:02 | <guidj0s> . load query
Sun Jun 10 2012 23:09:02 | <mutalirc> Dispatcher 'query' loaded.
Sun Jun 10 2012 23:09:06 | <guidj0s> . say #guidj0s hi
Sun Jun 10 2012 23:11:31 | <guidj0s> . load query
Sun Jun 10 2012 23:11:31 | <mutalirc> Dispatcher 'query' loaded.
Sun Jun 10 2012 23:11:35 | <guidj0s> . say #guidj0s hi
Sun Jun 10 2012 23:11:41 | <guidj0s> . say #guidj0s hi there :)
